<?xml version="1.0" encoding="UTF-8"?>
<!-- Generated by org.testng.reporters.JUnitReportReporter -->
<testsuite hostname="DESKTOP-NV0SBGP" failures="0" tests="1" name="com.testcode.appiumproject.Base" time="12.046" errors="0" timestamp="2023-07-13T10:54:31 AEST" skipped="0">
  <testcase classname="com.testcode.appiumproject.Base" name="configureAppium" time="12.046"/>
</testsuite> <!-- com.testcode.appiumproject.Base -->
