<?xml version="1.0" encoding="UTF-8"?>
<!-- Generated by org.testng.reporters.JUnitReportReporter -->
<testsuite hostname="DESKTOP-NV0SBGP" failures="0" tests="1" name="com.testcode.appiumproject.scenarios" time="5.800" errors="0" timestamp="2023-07-13T13:08:23 AEST" skipped="0">
  <testcase classname="com.testcode.appiumproject.scenarios" name="testScenarios" time="5.800"/>
</testsuite> <!-- com.testcode.appiumproject.scenarios -->
